build/intermediates/manifest_merge_blame_file/debug/processDebugMainManifest/manifest-merger-blame-debug-report.txt
1<?xml version="1.0" encoding="utf-8"?>
2<manifest xmlns:android="http://schemas.android.com/apk/res/android"
3    package="com.anjie.joyshotelbookingapp"
4    android:versionCode="1"
5    android:versionName="1.0" >
6
7    <uses-sdk
8        android:minSdkVersion="24"
9        android:targetSdkVersion="35" />
10
11    <uses-permission android:name="android.permission.INTERNET" />
11-->src/main/AndroidManifest.xml:4:5-66
11-->src/main/AndroidManifest.xml:4:22-64
12    <uses-permission android:name="android.permission.ACCESS_NETWORK_STATE" />
12-->[com.google.android.libraries.ads.mobile.sdk:ads-mobile-sdk:0.18.0-beta01] AndroidManifest.xml:10:5-79
12-->[com.google.android.libraries.ads.mobile.sdk:ads-mobile-sdk:0.18.0-beta01] AndroidManifest.xml:10:22-76
13    <uses-permission android:name="android.permission.READ_BASIC_PHONE_STATE" />
13-->[com.google.android.libraries.ads.mobile.sdk:ads-mobile-sdk:0.18.0-beta01] AndroidManifest.xml:11:5-81
13-->[com.google.android.libraries.ads.mobile.sdk:ads-mobile-sdk:0.18.0-beta01] AndroidManifest.xml:11:22-78
14    <uses-permission android:name="android.permission.ACCESS_ADSERVICES_TOPICS" />
14-->[com.google.android.libraries.ads.mobile.sdk:ads-mobile-sdk:0.18.0-beta01] AndroidManifest.xml:12:5-83
14-->[com.google.android.libraries.ads.mobile.sdk:ads-mobile-sdk:0.18.0-beta01] AndroidManifest.xml:12:22-80
15    <uses-permission android:name="android.permission.ACCESS_ADSERVICES_AD_ID" />
15-->[com.google.android.libraries.ads.mobile.sdk:ads-mobile-sdk:0.18.0-beta01] AndroidManifest.xml:13:5-82
15-->[com.google.android.libraries.ads.mobile.sdk:ads-mobile-sdk:0.18.0-beta01] AndroidManifest.xml:13:22-79
16    <uses-permission android:name="android.permission.ACCESS_ADSERVICES_ATTRIBUTION" />
16-->[com.google.android.libraries.ads.mobile.sdk:ads-mobile-sdk:0.18.0-beta01] AndroidManifest.xml:14:5-88
16-->[com.google.android.libraries.ads.mobile.sdk:ads-mobile-sdk:0.18.0-beta01] AndroidManifest.xml:14:22-85
17    <uses-permission android:name="com.google.android.gms.permission.AD_ID" /> <!-- Android package visibility setting -->
17-->[com.google.android.libraries.ads.mobile.sdk:ads-mobile-sdk:0.18.0-beta01] AndroidManifest.xml:15:5-79
17-->[com.google.android.libraries.ads.mobile.sdk:ads-mobile-sdk:0.18.0-beta01] AndroidManifest.xml:15:22-76
18    <queries>
18-->[com.google.android.libraries.ads.mobile.sdk:ads-mobile-sdk:0.18.0-beta01] AndroidManifest.xml:18:5-51:15
19
20        <!-- For browser content -->
21        <intent>
21-->[com.google.android.libraries.ads.mobile.sdk:ads-mobile-sdk:0.18.0-beta01] AndroidManifest.xml:21:9-27:18
22            <action android:name="android.intent.action.VIEW" />
22-->[com.google.android.libraries.ads.mobile.sdk:ads-mobile-sdk:0.18.0-beta01] AndroidManifest.xml:22:13-65
22-->[com.google.android.libraries.ads.mobile.sdk:ads-mobile-sdk:0.18.0-beta01] AndroidManifest.xml:22:21-62
23
24            <category android:name="android.intent.category.BROWSABLE" />
24-->[com.google.android.libraries.ads.mobile.sdk:ads-mobile-sdk:0.18.0-beta01] AndroidManifest.xml:24:13-74
24-->[com.google.android.libraries.ads.mobile.sdk:ads-mobile-sdk:0.18.0-beta01] AndroidManifest.xml:24:23-71
25
26            <data android:scheme="https" />
26-->[com.google.android.libraries.ads.mobile.sdk:ads-mobile-sdk:0.18.0-beta01] AndroidManifest.xml:26:13-44
26-->[com.google.android.libraries.ads.mobile.sdk:ads-mobile-sdk:0.18.0-beta01] AndroidManifest.xml:26:19-41
27        </intent>
28        <!-- End of browser content -->
29        <!-- For CustomTabsService -->
30        <intent>
30-->[com.google.android.libraries.ads.mobile.sdk:ads-mobile-sdk:0.18.0-beta01] AndroidManifest.xml:30:9-32:18
31            <action android:name="android.support.customtabs.action.CustomTabsService" />
31-->[com.google.android.libraries.ads.mobile.sdk:ads-mobile-sdk:0.18.0-beta01] AndroidManifest.xml:31:13-90
31-->[com.google.android.libraries.ads.mobile.sdk:ads-mobile-sdk:0.18.0-beta01] AndroidManifest.xml:31:21-87
32        </intent>
33        <!-- End of CustomTabsService -->
34        <!-- For MRAID capabilities -->
35        <intent>
35-->[com.google.android.libraries.ads.mobile.sdk:ads-mobile-sdk:0.18.0-beta01] AndroidManifest.xml:35:9-39:18
36            <action android:name="android.intent.action.INSERT" />
36-->[com.google.android.libraries.ads.mobile.sdk:ads-mobile-sdk:0.18.0-beta01] AndroidManifest.xml:36:13-67
36-->[com.google.android.libraries.ads.mobile.sdk:ads-mobile-sdk:0.18.0-beta01] AndroidManifest.xml:36:21-64
37
38            <data android:mimeType="vnd.android.cursor.dir/event" />
38-->[com.google.android.libraries.ads.mobile.sdk:ads-mobile-sdk:0.18.0-beta01] AndroidManifest.xml:26:13-44
39        </intent>
40        <intent>
40-->[com.google.android.libraries.ads.mobile.sdk:ads-mobile-sdk:0.18.0-beta01] AndroidManifest.xml:40:9-44:18
41            <action android:name="android.intent.action.VIEW" />
41-->[com.google.android.libraries.ads.mobile.sdk:ads-mobile-sdk:0.18.0-beta01] AndroidManifest.xml:22:13-65
41-->[com.google.android.libraries.ads.mobile.sdk:ads-mobile-sdk:0.18.0-beta01] AndroidManifest.xml:22:21-62
42
43            <data android:scheme="sms" />
43-->[com.google.android.libraries.ads.mobile.sdk:ads-mobile-sdk:0.18.0-beta01] AndroidManifest.xml:26:13-44
43-->[com.google.android.libraries.ads.mobile.sdk:ads-mobile-sdk:0.18.0-beta01] AndroidManifest.xml:26:19-41
44        </intent>
45        <intent>
45-->[com.google.android.libraries.ads.mobile.sdk:ads-mobile-sdk:0.18.0-beta01] AndroidManifest.xml:45:9-49:18
46            <action android:name="android.intent.action.DIAL" />
46-->[com.google.android.libraries.ads.mobile.sdk:ads-mobile-sdk:0.18.0-beta01] AndroidManifest.xml:46:13-65
46-->[com.google.android.libraries.ads.mobile.sdk:ads-mobile-sdk:0.18.0-beta01] AndroidManifest.xml:46:21-62
47
48            <data android:path="tel:" />
48-->[com.google.android.libraries.ads.mobile.sdk:ads-mobile-sdk:0.18.0-beta01] AndroidManifest.xml:26:13-44
49        </intent>
50        <!-- End of MRAID capabilities -->
51    </queries>
52
53    <uses-permission android:name="android.permission.WAKE_LOCK" />
53-->[androidx.work:work-runtime:2.10.0] AndroidManifest.xml:23:5-68
53-->[androidx.work:work-runtime:2.10.0] AndroidManifest.xml:23:22-65
54    <uses-permission android:name="android.permission.RECEIVE_BOOT_COMPLETED" />
54-->[androidx.work:work-runtime:2.10.0] AndroidManifest.xml:25:5-81
54-->[androidx.work:work-runtime:2.10.0] AndroidManifest.xml:25:22-78
55    <uses-permission android:name="android.permission.FOREGROUND_SERVICE" />
55-->[androidx.work:work-runtime:2.10.0] AndroidManifest.xml:26:5-77
55-->[androidx.work:work-runtime:2.10.0] AndroidManifest.xml:26:22-74
56
57    <permission
57-->[androidx.core:core:1.16.0] AndroidManifest.xml:22:5-24:47
58        android:name="com.anjie.joyshotelbookingapp.DYNAMIC_RECEIVER_NOT_EXPORTED_PERMISSION"
58-->[androidx.core:core:1.16.0] AndroidManifest.xml:23:9-81
59        android:protectionLevel="signature" />
59-->[androidx.core:core:1.16.0] AndroidManifest.xml:24:9-44
60
61    <uses-permission android:name="com.anjie.joyshotelbookingapp.DYNAMIC_RECEIVER_NOT_EXPORTED_PERMISSION" />
61-->[androidx.core:core:1.16.0] AndroidManifest.xml:26:5-97
61-->[androidx.core:core:1.16.0] AndroidManifest.xml:26:22-94
62
63    <application
63-->src/main/AndroidManifest.xml:6:5-27:19
64        android:allowBackup="true"
64-->src/main/AndroidManifest.xml:7:9-35
65        android:appComponentFactory="androidx.core.app.CoreComponentFactory"
65-->[androidx.core:core:1.16.0] AndroidManifest.xml:28:18-86
66        android:dataExtractionRules="@xml/data_extraction_rules"
66-->src/main/AndroidManifest.xml:8:9-65
67        android:debuggable="true"
68        android:extractNativeLibs="false"
69        android:fullBackupContent="@xml/backup_rules"
69-->src/main/AndroidManifest.xml:9:9-54
70        android:icon="@mipmap/ic_launcher"
70-->src/main/AndroidManifest.xml:10:9-43
71        android:label="@string/app_name"
71-->src/main/AndroidManifest.xml:11:9-41
72        android:roundIcon="@mipmap/ic_launcher_round"
72-->src/main/AndroidManifest.xml:12:9-54
73        android:supportsRtl="true"
73-->src/main/AndroidManifest.xml:13:9-35
74        android:testOnly="true"
75        android:theme="@style/Theme.JoysHotelBookingApp" >
75-->src/main/AndroidManifest.xml:14:9-57
76        <activity
76-->src/main/AndroidManifest.xml:16:9-26:20
77            android:name="com.anjie.joyshotelbookingapp.MainActivity"
77-->src/main/AndroidManifest.xml:17:13-41
78            android:exported="true"
78-->src/main/AndroidManifest.xml:18:13-36
79            android:label="@string/app_name"
79-->src/main/AndroidManifest.xml:19:13-45
80            android:theme="@style/Theme.JoysHotelBookingApp" >
80-->src/main/AndroidManifest.xml:20:13-61
81            <intent-filter>
81-->src/main/AndroidManifest.xml:21:13-25:29
82                <action android:name="android.intent.action.MAIN" />
82-->src/main/AndroidManifest.xml:22:17-69
82-->src/main/AndroidManifest.xml:22:25-66
83
84                <category android:name="android.intent.category.LAUNCHER" />
84-->src/main/AndroidManifest.xml:24:17-77
84-->src/main/AndroidManifest.xml:24:27-74
85            </intent-filter>
86        </activity>
87        <activity
87-->[com.google.android.libraries.ads.mobile.sdk:ads-mobile-sdk:0.18.0-beta01] AndroidManifest.xml:54:9-59:43
88            android:name="com.google.android.libraries.ads.mobile.sdk.common.AdActivity"
88-->[com.google.android.libraries.ads.mobile.sdk:ads-mobile-sdk:0.18.0-beta01] AndroidManifest.xml:55:13-89
89            android:configChanges="keyboard|keyboardHidden|orientation|screenLayout|uiMode|screenSize|smallestScreenSize"
89-->[com.google.android.libraries.ads.mobile.sdk:ads-mobile-sdk:0.18.0-beta01] AndroidManifest.xml:56:13-122
90            android:exported="false"
90-->[com.google.android.libraries.ads.mobile.sdk:ads-mobile-sdk:0.18.0-beta01] AndroidManifest.xml:57:13-37
91            android:theme="@android:style/Theme.Translucent" />
91-->[com.google.android.libraries.ads.mobile.sdk:ads-mobile-sdk:0.18.0-beta01] AndroidManifest.xml:58:13-61
92        <activity
92-->[com.google.android.gms:play-services-base:18.0.1] AndroidManifest.xml:20:9-22:45
93            android:name="com.google.android.gms.common.api.GoogleApiActivity"
93-->[com.google.android.gms:play-services-base:18.0.1] AndroidManifest.xml:20:19-85
94            android:exported="false"
94-->[com.google.android.gms:play-services-base:18.0.1] AndroidManifest.xml:22:19-43
95            android:theme="@android:style/Theme.Translucent.NoTitleBar" />
95-->[com.google.android.gms:play-services-base:18.0.1] AndroidManifest.xml:21:19-78
96
97        <meta-data
97-->[com.google.android.gms:play-services-basement:18.4.0] AndroidManifest.xml:6:9-122
98            android:name="com.google.android.gms.version"
98-->[com.google.android.gms:play-services-basement:18.4.0] AndroidManifest.xml:6:20-65
99            android:value="@integer/google_play_services_version" />
99-->[com.google.android.gms:play-services-basement:18.4.0] AndroidManifest.xml:6:66-119
100
101        <provider
101-->[androidx.work:work-runtime:2.10.0] AndroidManifest.xml:29:9-37:20
102            android:name="androidx.startup.InitializationProvider"
102-->[androidx.work:work-runtime:2.10.0] AndroidManifest.xml:30:13-67
103            android:authorities="com.anjie.joyshotelbookingapp.androidx-startup"
103-->[androidx.work:work-runtime:2.10.0] AndroidManifest.xml:31:13-68
104            android:exported="false" >
104-->[androidx.work:work-runtime:2.10.0] AndroidManifest.xml:32:13-37
105            <meta-data
105-->[androidx.work:work-runtime:2.10.0] AndroidManifest.xml:34:13-36:52
106                android:name="androidx.work.WorkManagerInitializer"
106-->[androidx.work:work-runtime:2.10.0] AndroidManifest.xml:35:17-68
107                android:value="androidx.startup" />
107-->[androidx.work:work-runtime:2.10.0] AndroidManifest.xml:36:17-49
108            <meta-data
108-->[io.github.jan-tennert.supabase:storage-kt-android-debug:3.2.2] AndroidManifest.xml:14:13-16:52
109                android:name="io.github.jan.supabase.storage.SupabaseInitializer"
109-->[io.github.jan-tennert.supabase:storage-kt-android-debug:3.2.2] AndroidManifest.xml:15:17-82
110                android:value="androidx.startup" />
110-->[io.github.jan-tennert.supabase:storage-kt-android-debug:3.2.2] AndroidManifest.xml:16:17-49
111            <meta-data
111-->[io.github.jan-tennert.supabase:auth-kt-android-debug:3.2.2] AndroidManifest.xml:14:13-16:52
112                android:name="io.github.jan.supabase.auth.SupabaseInitializer"
112-->[io.github.jan-tennert.supabase:auth-kt-android-debug:3.2.2] AndroidManifest.xml:15:17-79
113                android:value="androidx.startup" />
113-->[io.github.jan-tennert.supabase:auth-kt-android-debug:3.2.2] AndroidManifest.xml:16:17-49
114            <meta-data
114-->[androidx.emoji2:emoji2:1.4.0] AndroidManifest.xml:29:13-31:52
115                android:name="androidx.emoji2.text.EmojiCompatInitializer"
115-->[androidx.emoji2:emoji2:1.4.0] AndroidManifest.xml:30:17-75
116                android:value="androidx.startup" />
116-->[androidx.emoji2:emoji2:1.4.0] AndroidManifest.xml:31:17-49
117            <meta-data
117-->[androidx.lifecycle:lifecycle-process:2.9.2] AndroidManifest.xml:29:13-31:52
118                android:name="androidx.lifecycle.ProcessLifecycleInitializer"
118-->[androidx.lifecycle:lifecycle-process:2.9.2] AndroidManifest.xml:30:17-78
119                android:value="androidx.startup" />
119-->[androidx.lifecycle:lifecycle-process:2.9.2] AndroidManifest.xml:31:17-49
120            <meta-data
120-->[com.russhwolf:multiplatform-settings-no-arg-android-debug:1.3.0] AndroidManifest.xml:29:13-31:52
121                android:name="com.russhwolf.settings.SettingsInitializer"
121-->[com.russhwolf:multiplatform-settings-no-arg-android-debug:1.3.0] AndroidManifest.xml:30:17-74
122                android:value="androidx.startup" />
122-->[com.russhwolf:multiplatform-settings-no-arg-android-debug:1.3.0] AndroidManifest.xml:31:17-49
123            <meta-data
123-->[androidx.profileinstaller:profileinstaller:1.4.1] AndroidManifest.xml:29:13-31:52
124                android:name="androidx.profileinstaller.ProfileInstallerInitializer"
124-->[androidx.profileinstaller:profileinstaller:1.4.1] AndroidManifest.xml:30:17-85
125                android:value="androidx.startup" />
125-->[androidx.profileinstaller:profileinstaller:1.4.1] AndroidManifest.xml:31:17-49
126        </provider>
127
128        <service
128-->[androidx.work:work-runtime:2.10.0] AndroidManifest.xml:39:9-45:35
129            android:name="androidx.work.impl.background.systemalarm.SystemAlarmService"
129-->[androidx.work:work-runtime:2.10.0] AndroidManifest.xml:40:13-88
130            android:directBootAware="false"
130-->[androidx.work:work-runtime:2.10.0] AndroidManifest.xml:41:13-44
131            android:enabled="@bool/enable_system_alarm_service_default"
131-->[androidx.work:work-runtime:2.10.0] AndroidManifest.xml:42:13-72
132            android:exported="false" />
132-->[androidx.work:work-runtime:2.10.0] AndroidManifest.xml:43:13-37
133        <service
133-->[androidx.work:work-runtime:2.10.0] AndroidManifest.xml:46:9-52:35
134            android:name="androidx.work.impl.background.systemjob.SystemJobService"
134-->[androidx.work:work-runtime:2.10.0] AndroidManifest.xml:47:13-84
135            android:directBootAware="false"
135-->[androidx.work:work-runtime:2.10.0] AndroidManifest.xml:48:13-44
136            android:enabled="@bool/enable_system_job_service_default"
136-->[androidx.work:work-runtime:2.10.0] AndroidManifest.xml:49:13-70
137            android:exported="true"
137-->[androidx.work:work-runtime:2.10.0] AndroidManifest.xml:50:13-36
138            android:permission="android.permission.BIND_JOB_SERVICE" />
138-->[androidx.work:work-runtime:2.10.0] AndroidManifest.xml:51:13-69
139        <service
139-->[androidx.work:work-runtime:2.10.0] AndroidManifest.xml:53:9-59:35
140            android:name="androidx.work.impl.foreground.SystemForegroundService"
140-->[androidx.work:work-runtime:2.10.0] AndroidManifest.xml:54:13-81
141            android:directBootAware="false"
141-->[androidx.work:work-runtime:2.10.0] AndroidManifest.xml:55:13-44
142            android:enabled="@bool/enable_system_foreground_service_default"
142-->[androidx.work:work-runtime:2.10.0] AndroidManifest.xml:56:13-77
143            android:exported="false" />
143-->[androidx.work:work-runtime:2.10.0] AndroidManifest.xml:57:13-37
144
145        <receiver
145-->[androidx.work:work-runtime:2.10.0] AndroidManifest.xml:61:9-66:35
146            android:name="androidx.work.impl.utils.ForceStopRunnable$BroadcastReceiver"
146-->[androidx.work:work-runtime:2.10.0] AndroidManifest.xml:62:13-88
147            android:directBootAware="false"
147-->[androidx.work:work-runtime:2.10.0] AndroidManifest.xml:63:13-44
148            android:enabled="true"
148-->[androidx.work:work-runtime:2.10.0] AndroidManifest.xml:64:13-35
149            android:exported="false" />
149-->[androidx.work:work-runtime:2.10.0] AndroidManifest.xml:65:13-37
150        <receiver
150-->[androidx.work:work-runtime:2.10.0] AndroidManifest.xml:67:9-77:20
151            android:name="androidx.work.impl.background.systemalarm.ConstraintProxy$BatteryChargingProxy"
151-->[androidx.work:work-runtime:2.10.0] AndroidManifest.xml:68:13-106
152            android:directBootAware="false"
152-->[androidx.work:work-runtime:2.10.0] AndroidManifest.xml:69:13-44
153            android:enabled="false"
153-->[androidx.work:work-runtime:2.10.0] AndroidManifest.xml:70:13-36
154            android:exported="false" >
154-->[androidx.work:work-runtime:2.10.0] AndroidManifest.xml:71:13-37
155            <intent-filter>
155-->[androidx.work:work-runtime:2.10.0] AndroidManifest.xml:73:13-76:29
156                <action android:name="android.intent.action.ACTION_POWER_CONNECTED" />
156-->[androidx.work:work-runtime:2.10.0] AndroidManifest.xml:74:17-87
156-->[androidx.work:work-runtime:2.10.0] AndroidManifest.xml:74:25-84
157                <action android:name="android.intent.action.ACTION_POWER_DISCONNECTED" />
157-->[androidx.work:work-runtime:2.10.0] AndroidManifest.xml:75:17-90
157-->[androidx.work:work-runtime:2.10.0] AndroidManifest.xml:75:25-87
158            </intent-filter>
159        </receiver>
160        <receiver
160-->[androidx.work:work-runtime:2.10.0] AndroidManifest.xml:78:9-88:20
161            android:name="androidx.work.impl.background.systemalarm.ConstraintProxy$BatteryNotLowProxy"
161-->[androidx.work:work-runtime:2.10.0] AndroidManifest.xml:79:13-104
162            android:directBootAware="false"
162-->[androidx.work:work-runtime:2.10.0] AndroidManifest.xml:80:13-44
163            android:enabled="false"
163-->[androidx.work:work-runtime:2.10.0] AndroidManifest.xml:81:13-36
164            android:exported="false" >
164-->[androidx.work:work-runtime:2.10.0] AndroidManifest.xml:82:13-37
165            <intent-filter>
165-->[androidx.work:work-runtime:2.10.0] AndroidManifest.xml:84:13-87:29
166                <action android:name="android.intent.action.BATTERY_OKAY" />
166-->[androidx.work:work-runtime:2.10.0] AndroidManifest.xml:85:17-77
166-->[androidx.work:work-runtime:2.10.0] AndroidManifest.xml:85:25-74
167                <action android:name="android.intent.action.BATTERY_LOW" />
167-->[androidx.work:work-runtime:2.10.0] AndroidManifest.xml:86:17-76
167-->[androidx.work:work-runtime:2.10.0] AndroidManifest.xml:86:25-73
168            </intent-filter>
169        </receiver>
170        <receiver
170-->[androidx.work:work-runtime:2.10.0] AndroidManifest.xml:89:9-99:20
171            android:name="androidx.work.impl.background.systemalarm.ConstraintProxy$StorageNotLowProxy"
171-->[androidx.work:work-runtime:2.10.0] AndroidManifest.xml:90:13-104
172            android:directBootAware="false"
172-->[androidx.work:work-runtime:2.10.0] AndroidManifest.xml:91:13-44
173            android:enabled="false"
173-->[androidx.work:work-runtime:2.10.0] AndroidManifest.xml:92:13-36
174            android:exported="false" >
174-->[androidx.work:work-runtime:2.10.0] AndroidManifest.xml:93:13-37
175            <intent-filter>
175-->[androidx.work:work-runtime:2.10.0] AndroidManifest.xml:95:13-98:29
176                <action android:name="android.intent.action.DEVICE_STORAGE_LOW" />
176-->[androidx.work:work-runtime:2.10.0] AndroidManifest.xml:96:17-83
176-->[androidx.work:work-runtime:2.10.0] AndroidManifest.xml:96:25-80
177                <action android:name="android.intent.action.DEVICE_STORAGE_OK" />
177-->[androidx.work:work-runtime:2.10.0] AndroidManifest.xml:97:17-82
177-->[androidx.work:work-runtime:2.10.0] AndroidManifest.xml:97:25-79
178            </intent-filter>
179        </receiver>
180        <receiver
180-->[androidx.work:work-runtime:2.10.0] AndroidManifest.xml:100:9-109:20
181            android:name="androidx.work.impl.background.systemalarm.ConstraintProxy$NetworkStateProxy"
181-->[androidx.work:work-runtime:2.10.0] AndroidManifest.xml:101:13-103
182            android:directBootAware="false"
182-->[androidx.work:work-runtime:2.10.0] AndroidManifest.xml:102:13-44
183            android:enabled="false"
183-->[androidx.work:work-runtime:2.10.0] AndroidManifest.xml:103:13-36
184            android:exported="false" >
184-->[androidx.work:work-runtime:2.10.0] AndroidManifest.xml:104:13-37
185            <intent-filter>
185-->[androidx.work:work-runtime:2.10.0] AndroidManifest.xml:106:13-108:29
186                <action android:name="android.net.conn.CONNECTIVITY_CHANGE" />
186-->[androidx.work:work-runtime:2.10.0] AndroidManifest.xml:107:17-79
186-->[androidx.work:work-runtime:2.10.0] AndroidManifest.xml:107:25-76
187            </intent-filter>
188        </receiver>
189        <receiver
189-->[androidx.work:work-runtime:2.10.0] AndroidManifest.xml:110:9-121:20
190            android:name="androidx.work.impl.background.systemalarm.RescheduleReceiver"
190-->[androidx.work:work-runtime:2.10.0] AndroidManifest.xml:111:13-88
191            android:directBootAware="false"
191-->[androidx.work:work-runtime:2.10.0] AndroidManifest.xml:112:13-44
192            android:enabled="false"
192-->[androidx.work:work-runtime:2.10.0] AndroidManifest.xml:113:13-36
193            android:exported="false" >
193-->[androidx.work:work-runtime:2.10.0] AndroidManifest.xml:114:13-37
194            <intent-filter>
194-->[androidx.work:work-runtime:2.10.0] AndroidManifest.xml:116:13-120:29
195                <action android:name="android.intent.action.BOOT_COMPLETED" />
195-->[androidx.work:work-runtime:2.10.0] AndroidManifest.xml:117:17-79
195-->[androidx.work:work-runtime:2.10.0] AndroidManifest.xml:117:25-76
196                <action android:name="android.intent.action.TIME_SET" />
196-->[androidx.work:work-runtime:2.10.0] AndroidManifest.xml:118:17-73
196-->[androidx.work:work-runtime:2.10.0] AndroidManifest.xml:118:25-70
197                <action android:name="android.intent.action.TIMEZONE_CHANGED" />
197-->[androidx.work:work-runtime:2.10.0] AndroidManifest.xml:119:17-81
197-->[androidx.work:work-runtime:2.10.0] AndroidManifest.xml:119:25-78
198            </intent-filter>
199        </receiver>
200        <receiver
200-->[androidx.work:work-runtime:2.10.0] AndroidManifest.xml:122:9-131:20
201            android:name="androidx.work.impl.background.systemalarm.ConstraintProxyUpdateReceiver"
201-->[androidx.work:work-runtime:2.10.0] AndroidManifest.xml:123:13-99
202            android:directBootAware="false"
202-->[androidx.work:work-runtime:2.10.0] AndroidManifest.xml:124:13-44
203            android:enabled="@bool/enable_system_alarm_service_default"
203-->[androidx.work:work-runtime:2.10.0] AndroidManifest.xml:125:13-72
204            android:exported="false" >
204-->[androidx.work:work-runtime:2.10.0] AndroidManifest.xml:126:13-37
205            <intent-filter>
205-->[androidx.work:work-runtime:2.10.0] AndroidManifest.xml:128:13-130:29
206                <action android:name="androidx.work.impl.background.systemalarm.UpdateProxies" />
206-->[androidx.work:work-runtime:2.10.0] AndroidManifest.xml:129:17-98
206-->[androidx.work:work-runtime:2.10.0] AndroidManifest.xml:129:25-95
207            </intent-filter>
208        </receiver>
209        <receiver
209-->[androidx.work:work-runtime:2.10.0] AndroidManifest.xml:132:9-142:20
210            android:name="androidx.work.impl.diagnostics.DiagnosticsReceiver"
210-->[androidx.work:work-runtime:2.10.0] AndroidManifest.xml:133:13-78
211            android:directBootAware="false"
211-->[androidx.work:work-runtime:2.10.0] AndroidManifest.xml:134:13-44
212            android:enabled="true"
212-->[androidx.work:work-runtime:2.10.0] AndroidManifest.xml:135:13-35
213            android:exported="true"
213-->[androidx.work:work-runtime:2.10.0] AndroidManifest.xml:136:13-36
214            android:permission="android.permission.DUMP" >
214-->[androidx.work:work-runtime:2.10.0] AndroidManifest.xml:137:13-57
215            <intent-filter>
215-->[androidx.work:work-runtime:2.10.0] AndroidManifest.xml:139:13-141:29
216                <action android:name="androidx.work.diagnostics.REQUEST_DIAGNOSTICS" />
216-->[androidx.work:work-runtime:2.10.0] AndroidManifest.xml:140:17-88
216-->[androidx.work:work-runtime:2.10.0] AndroidManifest.xml:140:25-85
217            </intent-filter>
218        </receiver>
219
220        <activity
220-->[androidx.compose.ui:ui-tooling-android:1.8.2] AndroidManifest.xml:23:9-25:39
221            android:name="androidx.compose.ui.tooling.PreviewActivity"
221-->[androidx.compose.ui:ui-tooling-android:1.8.2] AndroidManifest.xml:24:13-71
222            android:exported="true" />
222-->[androidx.compose.ui:ui-tooling-android:1.8.2] AndroidManifest.xml:25:13-36
223        <activity
223-->[androidx.compose.ui:ui-test-manifest:1.8.2] AndroidManifest.xml:23:9-26:79
224            android:name="androidx.activity.ComponentActivity"
224-->[androidx.compose.ui:ui-test-manifest:1.8.2] AndroidManifest.xml:24:13-63
225            android:exported="true"
225-->[androidx.compose.ui:ui-test-manifest:1.8.2] AndroidManifest.xml:25:13-36
226            android:theme="@android:style/Theme.Material.Light.NoActionBar" />
226-->[androidx.compose.ui:ui-test-manifest:1.8.2] AndroidManifest.xml:26:13-76
227
228        <uses-library
228-->[androidx.privacysandbox.ads:ads-adservices:1.1.0-beta05] AndroidManifest.xml:23:9-25:40
229            android:name="android.ext.adservices"
229-->[androidx.privacysandbox.ads:ads-adservices:1.1.0-beta05] AndroidManifest.xml:24:13-50
230            android:required="false" />
230-->[androidx.privacysandbox.ads:ads-adservices:1.1.0-beta05] AndroidManifest.xml:25:13-37
231
232        <service
232-->[androidx.room:room-runtime-android:2.7.2] AndroidManifest.xml:24:9-28:63
233            android:name="androidx.room.MultiInstanceInvalidationService"
233-->[androidx.room:room-runtime-android:2.7.2] AndroidManifest.xml:25:13-74
234            android:directBootAware="true"
234-->[androidx.room:room-runtime-android:2.7.2] AndroidManifest.xml:26:13-43
235            android:exported="false" />
235-->[androidx.room:room-runtime-android:2.7.2] AndroidManifest.xml:27:13-37
236
237        <receiver
237-->[androidx.profileinstaller:profileinstaller:1.4.1] AndroidManifest.xml:34:9-52:20
238            android:name="androidx.profileinstaller.ProfileInstallReceiver"
238-->[androidx.profileinstaller:profileinstaller:1.4.1] AndroidManifest.xml:35:13-76
239            android:directBootAware="false"
239-->[androidx.profileinstaller:profileinstaller:1.4.1] AndroidManifest.xml:36:13-44
240            android:enabled="true"
240-->[androidx.profileinstaller:profileinstaller:1.4.1] AndroidManifest.xml:37:13-35
241            android:exported="true"
241-->[androidx.profileinstaller:profileinstaller:1.4.1] AndroidManifest.xml:38:13-36
242            android:permission="android.permission.DUMP" >
242-->[androidx.profileinstaller:profileinstaller:1.4.1] AndroidManifest.xml:39:13-57
243            <intent-filter>
243-->[androidx.profileinstaller:profileinstaller:1.4.1] AndroidManifest.xml:40:13-42:29
244                <action android:name="androidx.profileinstaller.action.INSTALL_PROFILE" />
244-->[androidx.profileinstaller:profileinstaller:1.4.1] AndroidManifest.xml:41:17-91
244-->[androidx.profileinstaller:profileinstaller:1.4.1] AndroidManifest.xml:41:25-88
245            </intent-filter>
246            <intent-filter>
246-->[androidx.profileinstaller:profileinstaller:1.4.1] AndroidManifest.xml:43:13-45:29
247                <action android:name="androidx.profileinstaller.action.SKIP_FILE" />
247-->[androidx.profileinstaller:profileinstaller:1.4.1] AndroidManifest.xml:44:17-85
247-->[androidx.profileinstaller:profileinstaller:1.4.1] AndroidManifest.xml:44:25-82
248            </intent-filter>
249            <intent-filter>
249-->[androidx.profileinstaller:profileinstaller:1.4.1] AndroidManifest.xml:46:13-48:29
250                <action android:name="androidx.profileinstaller.action.SAVE_PROFILE" />
250-->[androidx.profileinstaller:profileinstaller:1.4.1] AndroidManifest.xml:47:17-88
250-->[androidx.profileinstaller:profileinstaller:1.4.1] AndroidManifest.xml:47:25-85
251            </intent-filter>
252            <intent-filter>
252-->[androidx.profileinstaller:profileinstaller:1.4.1] AndroidManifest.xml:49:13-51:29
253                <action android:name="androidx.profileinstaller.action.BENCHMARK_OPERATION" />
253-->[androidx.profileinstaller:profileinstaller:1.4.1] AndroidManifest.xml:50:17-95
253-->[androidx.profileinstaller:profileinstaller:1.4.1] AndroidManifest.xml:50:25-92
254            </intent-filter>
255        </receiver>
256    </application>
257
258</manifest>